1755362613.053828 client started (17577): version 3.5a, socket /tmp/tmux-1000/default, protocol 8
1755362613.053881 on Linux 6.15.3-arch1-1 #1 SMP PREEMPT_DYNAMIC Thu, 19 Jun 2025 14:41:19 +0000
1755362613.053887 using libevent 2.1.12-stable poll
1755362613.053890 using ncurses 6.5 20240427
1755362613.053913 flags are 0x10010000
1755362613.053933 socket is /tmp/tmux-1000/default
1755362613.053944 trying connect
1755362613.054043 add peer 0x5627fe9c4600: 6 ((nil))
1755362613.054548 sending message 111 to peer 0x5627fe9c4600 (8 bytes)
1755362613.054556 sending message 111 to peer 0x5627fe9c4600 (8 bytes)
1755362613.054561 sending message 101 to peer 0x5627fe9c4600 (14 bytes)
1755362613.054564 sending message 109 to peer 0x5627fe9c4600 (4 bytes)
1755362613.054568 sending message 102 to peer 0x5627fe9c4600 (11 bytes)
1755362613.054572 sending message 108 to peer 0x5627fe9c4600 (25 bytes)
1755362613.054576 sending message 112 to peer 0x5627fe9c4600 (70 bytes)
1755362613.054579 sending message 112 to peer 0x5627fe9c4600 (5 bytes)
1755362613.054583 sending message 112 to peer 0x5627fe9c4600 (5 bytes)
1755362613.054586 sending message 112 to peer 0x5627fe9c4600 (6 bytes)
1755362613.054589 sending message 112 to peer 0x5627fe9c4600 (6 bytes)
1755362613.054592 sending message 112 to peer 0x5627fe9c4600 (11 bytes)
1755362613.054595 sending message 112 to peer 0x5627fe9c4600 (10 bytes)
1755362613.054598 sending message 112 to peer 0x5627fe9c4600 (13 bytes)
1755362613.054601 sending message 112 to peer 0x5627fe9c4600 (13 bytes)
1755362613.054604 sending message 112 to peer 0x5627fe9c4600 (18 bytes)
1755362613.054607 sending message 112 to peer 0x5627fe9c4600 (11 bytes)
1755362613.054611 sending message 112 to peer 0x5627fe9c4600 (10 bytes)
1755362613.054614 sending message 112 to peer 0x5627fe9c4600 (15 bytes)
1755362613.054617 sending message 112 to peer 0x5627fe9c4600 (21 bytes)
1755362613.054620 sending message 112 to peer 0x5627fe9c4600 (13 bytes)
1755362613.054623 sending message 112 to peer 0x5627fe9c4600 (7 bytes)
1755362613.054626 sending message 112 to peer 0x5627fe9c4600 (13 bytes)
1755362613.054629 sending message 112 to peer 0x5627fe9c4600 (7 bytes)
1755362613.054633 sending message 112 to peer 0x5627fe9c4600 (13 bytes)
1755362613.054636 sending message 112 to peer 0x5627fe9c4600 (9 bytes)
1755362613.054639 sending message 112 to peer 0x5627fe9c4600 (21 bytes)
1755362613.054642 sending message 112 to peer 0x5627fe9c4600 (13 bytes)
1755362613.054645 sending message 112 to peer 0x5627fe9c4600 (8 bytes)
1755362613.054648 sending message 112 to peer 0x5627fe9c4600 (12 bytes)
1755362613.054651 sending message 112 to peer 0x5627fe9c4600 (13 bytes)
1755362613.054654 sending message 112 to peer 0x5627fe9c4600 (9 bytes)
1755362613.054657 sending message 112 to peer 0x5627fe9c4600 (9 bytes)
1755362613.054660 sending message 112 to peer 0x5627fe9c4600 (12 bytes)
1755362613.054663 sending message 112 to peer 0x5627fe9c4600 (8 bytes)
1755362613.054666 sending message 112 to peer 0x5627fe9c4600 (8 bytes)
1755362613.054669 sending message 112 to peer 0x5627fe9c4600 (7 bytes)
1755362613.054672 sending message 112 to peer 0x5627fe9c4600 (7 bytes)
1755362613.054676 sending message 112 to peer 0x5627fe9c4600 (9 bytes)
1755362613.054679 sending message 112 to peer 0x5627fe9c4600 (13 bytes)
1755362613.054682 sending message 112 to peer 0x5627fe9c4600 (6 bytes)
1755362613.054685 sending message 112 to peer 0x5627fe9c4600 (9 bytes)
1755362613.054688 sending message 112 to peer 0x5627fe9c4600 (15 bytes)
1755362613.054691 sending message 112 to peer 0x5627fe9c4600 (13 bytes)
1755362613.054694 sending message 112 to peer 0x5627fe9c4600 (12 bytes)
1755362613.054697 sending message 112 to peer 0x5627fe9c4600 (8 bytes)
1755362613.054700 sending message 112 to peer 0x5627fe9c4600 (14 bytes)
1755362613.054703 sending message 112 to peer 0x5627fe9c4600 (11 bytes)
1755362613.054706 sending message 112 to peer 0x5627fe9c4600 (9 bytes)
1755362613.054709 sending message 112 to peer 0x5627fe9c4600 (10 bytes)
1755362613.054713 sending message 112 to peer 0x5627fe9c4600 (10 bytes)
1755362613.054724 sending message 112 to peer 0x5627fe9c4600 (10 bytes)
1755362613.054728 sending message 112 to peer 0x5627fe9c4600 (10 bytes)
1755362613.054731 sending message 112 to peer 0x5627fe9c4600 (11 bytes)
1755362613.054734 sending message 112 to peer 0x5627fe9c4600 (12 bytes)
1755362613.054738 sending message 112 to peer 0x5627fe9c4600 (12 bytes)
1755362613.054741 sending message 112 to peer 0x5627fe9c4600 (12 bytes)
1755362613.054744 sending message 112 to peer 0x5627fe9c4600 (12 bytes)
1755362613.054747 sending message 112 to peer 0x5627fe9c4600 (12 bytes)
1755362613.054750 sending message 112 to peer 0x5627fe9c4600 (11 bytes)
1755362613.054753 sending message 112 to peer 0x5627fe9c4600 (11 bytes)
1755362613.054756 sending message 112 to peer 0x5627fe9c4600 (12 bytes)
1755362613.054759 sending message 112 to peer 0x5627fe9c4600 (12 bytes)
1755362613.054762 sending message 112 to peer 0x5627fe9c4600 (12 bytes)
1755362613.054765 sending message 112 to peer 0x5627fe9c4600 (12 bytes)
1755362613.054768 sending message 112 to peer 0x5627fe9c4600 (12 bytes)
1755362613.054771 sending message 112 to peer 0x5627fe9c4600 (10 bytes)
1755362613.054774 sending message 112 to peer 0x5627fe9c4600 (12 bytes)
1755362613.054777 sending message 112 to peer 0x5627fe9c4600 (13 bytes)
1755362613.054779 sending message 112 to peer 0x5627fe9c4600 (13 bytes)
1755362613.054782 sending message 112 to peer 0x5627fe9c4600 (13 bytes)
1755362613.054785 sending message 112 to peer 0x5627fe9c4600 (13 bytes)
1755362613.054788 sending message 112 to peer 0x5627fe9c4600 (13 bytes)
1755362613.054792 sending message 112 to peer 0x5627fe9c4600 (8 bytes)
1755362613.054795 sending message 112 to peer 0x5627fe9c4600 (11 bytes)
1755362613.054798 sending message 112 to peer 0x5627fe9c4600 (11 bytes)
1755362613.054801 sending message 112 to peer 0x5627fe9c4600 (11 bytes)
1755362613.054804 sending message 112 to peer 0x5627fe9c4600 (12 bytes)
1755362613.054807 sending message 112 to peer 0x5627fe9c4600 (12 bytes)
1755362613.054810 sending message 112 to peer 0x5627fe9c4600 (12 bytes)
1755362613.054813 sending message 112 to peer 0x5627fe9c4600 (12 bytes)
1755362613.054816 sending message 112 to peer 0x5627fe9c4600 (13 bytes)
1755362613.054819 sending message 112 to peer 0x5627fe9c4600 (13 bytes)
1755362613.054822 sending message 112 to peer 0x5627fe9c4600 (13 bytes)
1755362613.054826 sending message 112 to peer 0x5627fe9c4600 (8 bytes)
1755362613.054829 sending message 112 to peer 0x5627fe9c4600 (13 bytes)
1755362613.054832 sending message 112 to peer 0x5627fe9c4600 (13 bytes)
1755362613.054835 sending message 112 to peer 0x5627fe9c4600 (13 bytes)
1755362613.054838 sending message 112 to peer 0x5627fe9c4600 (13 bytes)
1755362613.054841 sending message 112 to peer 0x5627fe9c4600 (13 bytes)
1755362613.054844 sending message 112 to peer 0x5627fe9c4600 (12 bytes)
1755362613.054847 sending message 112 to peer 0x5627fe9c4600 (12 bytes)
1755362613.054850 sending message 112 to peer 0x5627fe9c4600 (12 bytes)
1755362613.054853 sending message 112 to peer 0x5627fe9c4600 (12 bytes)
1755362613.054856 sending message 112 to peer 0x5627fe9c4600 (13 bytes)
1755362613.054859 sending message 112 to peer 0x5627fe9c4600 (8 bytes)
1755362613.054862 sending message 112 to peer 0x5627fe9c4600 (13 bytes)
1755362613.054865 sending message 112 to peer 0x5627fe9c4600 (13 bytes)
1755362613.054868 sending message 112 to peer 0x5627fe9c4600 (13 bytes)
1755362613.054871 sending message 112 to peer 0x5627fe9c4600 (13 bytes)
1755362613.054874 sending message 112 to peer 0x5627fe9c4600 (13 bytes)
1755362613.054877 sending message 112 to peer 0x5627fe9c4600 (13 bytes)
1755362613.054880 sending message 112 to peer 0x5627fe9c4600 (13 bytes)
1755362613.054883 sending message 112 to peer 0x5627fe9c4600 (12 bytes)
1755362613.054893 sending message 112 to peer 0x5627fe9c4600 (12 bytes)
1755362613.054896 sending message 112 to peer 0x5627fe9c4600 (12 bytes)
1755362613.054899 sending message 112 to peer 0x5627fe9c4600 (8 bytes)
1755362613.054902 sending message 112 to peer 0x5627fe9c4600 (12 bytes)
1755362613.054909 sending message 112 to peer 0x5627fe9c4600 (13 bytes)
1755362613.054912 sending message 112 to peer 0x5627fe9c4600 (13 bytes)
1755362613.054915 sending message 112 to peer 0x5627fe9c4600 (13 bytes)
1755362613.054918 sending message 112 to peer 0x5627fe9c4600 (13 bytes)
1755362613.054921 sending message 112 to peer 0x5627fe9c4600 (13 bytes)
1755362613.054924 sending message 112 to peer 0x5627fe9c4600 (13 bytes)
1755362613.054927 sending message 112 to peer 0x5627fe9c4600 (13 bytes)
1755362613.054930 sending message 112 to peer 0x5627fe9c4600 (13 bytes)
1755362613.054933 sending message 112 to peer 0x5627fe9c4600 (12 bytes)
1755362613.054936 sending message 112 to peer 0x5627fe9c4600 (10 bytes)
1755362613.054939 sending message 112 to peer 0x5627fe9c4600 (12 bytes)
1755362613.054942 sending message 112 to peer 0x5627fe9c4600 (12 bytes)
1755362613.054945 sending message 112 to peer 0x5627fe9c4600 (12 bytes)
1755362613.054948 sending message 112 to peer 0x5627fe9c4600 (13 bytes)
1755362613.054951 sending message 112 to peer 0x5627fe9c4600 (13 bytes)
1755362613.054954 sending message 112 to peer 0x5627fe9c4600 (13 bytes)
1755362613.054957 sending message 112 to peer 0x5627fe9c4600 (13 bytes)
1755362613.054960 sending message 112 to peer 0x5627fe9c4600 (13 bytes)
1755362613.054963 sending message 112 to peer 0x5627fe9c4600 (13 bytes)
1755362613.054966 sending message 112 to peer 0x5627fe9c4600 (13 bytes)
1755362613.054969 sending message 112 to peer 0x5627fe9c4600 (10 bytes)
1755362613.054972 sending message 112 to peer 0x5627fe9c4600 (13 bytes)
1755362613.054975 sending message 112 to peer 0x5627fe9c4600 (12 bytes)
1755362613.054978 sending message 112 to peer 0x5627fe9c4600 (12 bytes)
1755362613.054981 sending message 112 to peer 0x5627fe9c4600 (12 bytes)
1755362613.054984 sending message 112 to peer 0x5627fe9c4600 (10 bytes)
1755362613.054987 sending message 112 to peer 0x5627fe9c4600 (10 bytes)
1755362613.054990 sending message 112 to peer 0x5627fe9c4600 (10 bytes)
1755362613.054993 sending message 112 to peer 0x5627fe9c4600 (12 bytes)
1755362613.054996 sending message 112 to peer 0x5627fe9c4600 (13 bytes)
1755362613.054999 sending message 112 to peer 0x5627fe9c4600 (13 bytes)
1755362613.055002 sending message 112 to peer 0x5627fe9c4600 (13 bytes)
1755362613.055005 sending message 112 to peer 0x5627fe9c4600 (13 bytes)
1755362613.055008 sending message 112 to peer 0x5627fe9c4600 (13 bytes)
1755362613.055011 sending message 112 to peer 0x5627fe9c4600 (11 bytes)
1755362613.055014 sending message 112 to peer 0x5627fe9c4600 (11 bytes)
1755362613.055017 sending message 112 to peer 0x5627fe9c4600 (12 bytes)
1755362613.055020 sending message 112 to peer 0x5627fe9c4600 (12 bytes)
1755362613.055023 sending message 112 to peer 0x5627fe9c4600 (12 bytes)
1755362613.055026 sending message 112 to peer 0x5627fe9c4600 (12 bytes)
1755362613.055029 sending message 112 to peer 0x5627fe9c4600 (12 bytes)
1755362613.055032 sending message 112 to peer 0x5627fe9c4600 (11 bytes)
1755362613.055035 sending message 112 to peer 0x5627fe9c4600 (12 bytes)
1755362613.055038 sending message 112 to peer 0x5627fe9c4600 (12 bytes)
1755362613.055041 sending message 112 to peer 0x5627fe9c4600 (13 bytes)
1755362613.055044 sending message 112 to peer 0x5627fe9c4600 (13 bytes)
1755362613.055047 sending message 112 to peer 0x5627fe9c4600 (13 bytes)
1755362613.055050 sending message 112 to peer 0x5627fe9c4600 (13 bytes)
1755362613.055053 sending message 112 to peer 0x5627fe9c4600 (13 bytes)
1755362613.055056 sending message 112 to peer 0x5627fe9c4600 (10 bytes)
1755362613.055059 sending message 112 to peer 0x5627fe9c4600 (9 bytes)
1755362613.055062 sending message 112 to peer 0x5627fe9c4600 (12 bytes)
1755362613.055065 sending message 112 to peer 0x5627fe9c4600 (13 bytes)
1755362613.055068 sending message 112 to peer 0x5627fe9c4600 (13 bytes)
1755362613.055071 sending message 112 to peer 0x5627fe9c4600 (13 bytes)
1755362613.055074 sending message 112 to peer 0x5627fe9c4600 (13 bytes)
1755362613.055077 sending message 112 to peer 0x5627fe9c4600 (13 bytes)
1755362613.055083 sending message 112 to peer 0x5627fe9c4600 (9 bytes)
1755362613.055086 sending message 112 to peer 0x5627fe9c4600 (12 bytes)
1755362613.055089 sending message 112 to peer 0x5627fe9c4600 (13 bytes)
1755362613.055093 sending message 112 to peer 0x5627fe9c4600 (13 bytes)
1755362613.055096 sending message 112 to peer 0x5627fe9c4600 (13 bytes)
1755362613.055099 sending message 112 to peer 0x5627fe9c4600 (13 bytes)
1755362613.055102 sending message 112 to peer 0x5627fe9c4600 (13 bytes)
1755362613.055105 sending message 112 to peer 0x5627fe9c4600 (11 bytes)
1755362613.055108 sending message 112 to peer 0x5627fe9c4600 (12 bytes)
1755362613.055111 sending message 112 to peer 0x5627fe9c4600 (13 bytes)
1755362613.055114 sending message 112 to peer 0x5627fe9c4600 (13 bytes)
1755362613.055117 sending message 112 to peer 0x5627fe9c4600 (13 bytes)
1755362613.055120 sending message 112 to peer 0x5627fe9c4600 (13 bytes)
1755362613.055123 sending message 112 to peer 0x5627fe9c4600 (13 bytes)
1755362613.055126 sending message 112 to peer 0x5627fe9c4600 (11 bytes)
1755362613.055129 sending message 112 to peer 0x5627fe9c4600 (12 bytes)
1755362613.055132 sending message 112 to peer 0x5627fe9c4600 (12 bytes)
1755362613.055136 sending message 112 to peer 0x5627fe9c4600 (12 bytes)
1755362613.055139 sending message 112 to peer 0x5627fe9c4600 (12 bytes)
1755362613.055143 sending message 112 to peer 0x5627fe9c4600 (12 bytes)
1755362613.055146 sending message 112 to peer 0x5627fe9c4600 (21 bytes)
1755362613.055149 sending message 112 to peer 0x5627fe9c4600 (12 bytes)
1755362613.055164 sending message 112 to peer 0x5627fe9c4600 (9 bytes)
1755362613.055172 sending message 112 to peer 0x5627fe9c4600 (6 bytes)
1755362613.055178 sending message 112 to peer 0x5627fe9c4600 (13 bytes)
1755362613.055184 sending message 112 to peer 0x5627fe9c4600 (8 bytes)
1755362613.055189 sending message 112 to peer 0x5627fe9c4600 (15 bytes)
1755362613.055193 sending message 112 to peer 0x5627fe9c4600 (13 bytes)
1755362613.055197 sending message 112 to peer 0x5627fe9c4600 (9 bytes)
1755362613.055200 sending message 112 to peer 0x5627fe9c4600 (70 bytes)
1755362613.055204 sending message 112 to peer 0x5627fe9c4600 (69 bytes)
1755362613.055207 sending message 112 to peer 0x5627fe9c4600 (10 bytes)
1755362613.055211 sending message 112 to peer 0x5627fe9c4600 (10 bytes)
1755362613.055214 sending message 112 to peer 0x5627fe9c4600 (8 bytes)
1755362613.055217 sending message 112 to peer 0x5627fe9c4600 (15 bytes)
1755362613.055220 sending message 112 to peer 0x5627fe9c4600 (13 bytes)
1755362613.055223 sending message 112 to peer 0x5627fe9c4600 (10 bytes)
1755362613.055226 sending message 112 to peer 0x5627fe9c4600 (10 bytes)
1755362613.055229 sending message 112 to peer 0x5627fe9c4600 (17 bytes)
1755362613.055233 sending message 112 to peer 0x5627fe9c4600 (10 bytes)
1755362613.055236 sending message 112 to peer 0x5627fe9c4600 (13 bytes)
1755362613.055239 sending message 112 to peer 0x5627fe9c4600 (9 bytes)
1755362613.055242 sending message 112 to peer 0x5627fe9c4600 (5 bytes)
1755362613.055246 sending message 112 to peer 0x5627fe9c4600 (15 bytes)
1755362613.055251 sending message 104 to peer 0x5627fe9c4600 (0 bytes)
1755362613.055255 sending message 110 to peer 0x5627fe9c4600 (0 bytes)
1755362613.055259 sending message 107 to peer 0x5627fe9c4600 (4 bytes)
1755362613.055262 sending message 105 to peer 0x5627fe9c4600 (39 bytes)
1755362613.055266 sending message 105 to peer 0x5627fe9c4600 (63 bytes)
1755362613.055269 sending message 105 to peer 0x5627fe9c4600 (35 bytes)
1755362613.055273 sending message 105 to peer 0x5627fe9c4600 (20 bytes)
1755362613.055276 sending message 105 to peer 0x5627fe9c4600 (54 bytes)
1755362613.055280 sending message 105 to peer 0x5627fe9c4600 (50 bytes)
1755362613.055283 sending message 105 to peer 0x5627fe9c4600 (22 bytes)
1755362613.055286 sending message 105 to peer 0x5627fe9c4600 (11 bytes)
1755362613.055290 sending message 105 to peer 0x5627fe9c4600 (32 bytes)
1755362613.055294 sending message 105 to peer 0x5627fe9c4600 (761 bytes)
1755362613.055300 sending message 105 to peer 0x5627fe9c4600 (17 bytes)
1755362613.055304 sending message 105 to peer 0x5627fe9c4600 (21 bytes)
1755362613.055307 sending message 105 to peer 0x5627fe9c4600 (68 bytes)
1755362613.055311 sending message 105 to peer 0x5627fe9c4600 (36 bytes)
1755362613.055314 sending message 105 to peer 0x5627fe9c4600 (24 bytes)
1755362613.055318 sending message 105 to peer 0x5627fe9c4600 (33 bytes)
1755362613.055321 sending message 105 to peer 0x5627fe9c4600 (23 bytes)
1755362613.055324 sending message 105 to peer 0x5627fe9c4600 (16 bytes)
1755362613.055327 sending message 105 to peer 0x5627fe9c4600 (17 bytes)
1755362613.055332 sending message 105 to peer 0x5627fe9c4600 (47 bytes)
1755362613.055335 sending message 105 to peer 0x5627fe9c4600 (23 bytes)
1755362613.055339 sending message 105 to peer 0x5627fe9c4600 (17 bytes)
1755362613.055342 sending message 105 to peer 0x5627fe9c4600 (14 bytes)
1755362613.055345 sending message 105 to peer 0x5627fe9c4600 (27 bytes)
1755362613.055348 sending message 105 to peer 0x5627fe9c4600 (16 bytes)
1755362613.055352 sending message 105 to peer 0x5627fe9c4600 (144 bytes)
1755362613.055356 sending message 105 to peer 0x5627fe9c4600 (51 bytes)
1755362613.055359 sending message 105 to peer 0x5627fe9c4600 (15 bytes)
1755362613.055362 sending message 105 to peer 0x5627fe9c4600 (32 bytes)
1755362613.055366 sending message 105 to peer 0x5627fe9c4600 (397 bytes)
1755362613.055369 sending message 105 to peer 0x5627fe9c4600 (29 bytes)
1755362613.055373 sending message 105 to peer 0x5627fe9c4600 (90 bytes)
1755362613.055377 sending message 105 to peer 0x5627fe9c4600 (19 bytes)
1755362613.055381 sending message 105 to peer 0x5627fe9c4600 (8 bytes)
1755362613.055384 sending message 105 to peer 0x5627fe9c4600 (38 bytes)
1755362613.055387 sending message 105 to peer 0x5627fe9c4600 (19 bytes)
1755362613.055391 sending message 105 to peer 0x5627fe9c4600 (22 bytes)
1755362613.055394 sending message 105 to peer 0x5627fe9c4600 (19 bytes)
1755362613.055397 sending message 105 to peer 0x5627fe9c4600 (18 bytes)
1755362613.055400 sending message 105 to peer 0x5627fe9c4600 (26 bytes)
1755362613.055404 sending message 105 to peer 0x5627fe9c4600 (36 bytes)
1755362613.055407 sending message 105 to peer 0x5627fe9c4600 (13 bytes)
1755362613.055410 sending message 105 to peer 0x5627fe9c4600 (59 bytes)
1755362613.055413 sending message 105 to peer 0x5627fe9c4600 (11 bytes)
1755362613.055417 sending message 105 to peer 0x5627fe9c4600 (15 bytes)
1755362613.055420 sending message 105 to peer 0x5627fe9c4600 (26 bytes)
1755362613.055423 sending message 105 to peer 0x5627fe9c4600 (24 bytes)
1755362613.055426 sending message 105 to peer 0x5627fe9c4600 (54 bytes)
1755362613.055429 sending message 105 to peer 0x5627fe9c4600 (26 bytes)
1755362613.055433 sending message 105 to peer 0x5627fe9c4600 (122 bytes)
1755362613.055436 sending message 105 to peer 0x5627fe9c4600 (23 bytes)
1755362613.055439 sending message 105 to peer 0x5627fe9c4600 (31 bytes)
1755362613.055443 sending message 105 to peer 0x5627fe9c4600 (23 bytes)
1755362613.055447 sending message 105 to peer 0x5627fe9c4600 (26 bytes)
1755362613.055450 sending message 105 to peer 0x5627fe9c4600 (25 bytes)
1755362613.055454 sending message 105 to peer 0x5627fe9c4600 (16 bytes)
1755362613.055457 sending message 106 to peer 0x5627fe9c4600 (0 bytes)
1755362613.055522 sending message 200 to peer 0x5627fe9c4600 (4 bytes)
1755362613.055526 client loop enter
1755362613.056064 peer 0x5627fe9c4600 message 303
1755362613.056068 open write file 2 -
1755362613.056078 sending message 305 to peer 0x5627fe9c4600 (8 bytes)
1755362613.056088 write check file 2
1755362613.056184 peer 0x5627fe9c4600 message 304
1755362613.056188 write 58 to file 2
1755362613.056193 peer 0x5627fe9c4600 message 203
1755362613.056197 file 2 58 bytes left
1755362613.056213 write check file 2
1755362613.056217 client loop exit
